Running: C:\Xilinx\ISE14.4\14.4\ISE_DS\ISE\bin\nt64\unwrapped\fuse.exe -intstyle ise -incremental -lib unisims_ver -lib unimacro_ver -lib xilinxcorelib_ver -lib secureip -o Y:/Lab3/lab3/test_bench_3_stage_pipeline_isim_beh.exe -prj Y:/Lab3/lab3/test_bench_3_stage_pipeline_beh.prj work.test_bench_3_stage_pipeline work.glbl 
ISim P.49d (signature 0x7708f090)
Number of CPUs detected in this system: 8
Turning on mult-threading, number of parallel sub-compilation jobs: 16 
Determining compilation order of HDL files
Analyzing Verilog file "Y:/Lab3/lab3/regfile.v" into library work
Analyzing Verilog file "Y:/Lab3/lab3/PC.v" into library work
Analyzing Verilog file "Y:/Lab3/lab3/memory.v" into library work
Analyzing Verilog file "Y:/Lab3/lab3/ID_EXEstage.v" into library work
Analyzing Verilog file "Y:/Lab3/lab3/EXE_WB_stage.v" into library work
Analyzing Verilog file "Y:/Lab3/lab3/control.v" into library work
Analyzing Verilog file "Y:/Lab3/lab3/alu.v" into library work
Analyzing Verilog file "Y:/Lab3/lab3/pipelined_regfile_3stage.v" into library work
Analyzing Verilog file "Y:/Lab3/lab3/test_bench_3_stage_pipeline.v" into library work
Analyzing Verilog file "C:/Xilinx/ISE14.4/14.4/ISE_DS/ISE//verilog/src/glbl.v" into library work
Starting static elaboration
WARNING:HDLCompiler:1016 - "Y:/Lab3/lab3/test_bench_3_stage_pipeline.v" Line 33: Port waddr_out_EXE_WB is not connected to this instance
Completed static elaboration
Compiling module PC1
Compiling module memory
Compiling module control
Compiling module regfile
Compiling module ID_EXE_stage
Compiling module EXE_WB_stage
Compiling module alu
Compiling module pipelined_regfile_3stage
Compiling module test_bench_3_stage_pipeline
Compiling module glbl
Time Resolution for simulation is 1ps.
Compiled 10 Verilog Units
Built simulation executable Y:/Lab3/lab3/test_bench_3_stage_pipeline_isim_beh.exe
Fuse Memory Usage: 30408 KB
Fuse CPU Usage: 670 ms
